<?xml version="1.0" encoding="UTF-8"?>
<!-- Generated by org.testng.reporters.JUnitReportReporter -->
<testsuite skipped="0" hostname="hp-PC" name="com.manne.cva.FirstPgm" tests="1" failures="0" timestamp="06 Mar 2019 06:44:53 GMT" time="10.000" errors="0">
  <testcase name="mn" time="10.000" classname="com.manne.cva.FirstPgm"/>
</testsuite> <!-- com.manne.cva.FirstPgm -->
